This is pdfeTeX, Version 3.141592-1.21a-2.2 (Web2C 7.5.4) (format=latex 2007.2.22)  7 MAR 2007 08:23
entering extended mode
**InheritenceVsEncapsulation
(./InheritenceVsEncapsulation.tex
LaTeX2e <2003/12/01>
Babel <v3.8d> and hyphenation patterns for american, french, german, ngerman, b
ahasa, basque, bulgarian, catalan, croatian, czech, danish, dutch, esperanto, e
stonian, finnish, greek, icelandic, irish, italian, latin, magyar, norsk, polis
h, portuges, romanian, russian, serbian, slovak, slovene, spanish, swedish, tur
kish, ukrainian, nohyphenation, loaded.
(/usr/share/texmf-tetex/tex/latex/base/article.cls
Document Class: article 2004/02/16 v1.4f Standard LaTeX document class
(/usr/share/texmf-tetex/tex/latex/base/size12.clo
File: size12.clo 2004/02/16 v1.4f Standard LaTeX file (size option)
)
\c@part=\count79
\c@section=\count80
\c@subsection=\count81
\c@subsubsection=\count82
\c@paragraph=\count83
\c@subparagraph=\count84
\c@figure=\count85
\c@table=\count86
\abovecaptionskip=\skip41
\belowcaptionskip=\skip42
\bibindent=\dimen102
)
(./InheritenceVsEncapsulation.aux)
\openout1 = `InheritenceVsEncapsulation.aux'.

LaTeX Font Info:    Checking defaults for OML/cmm/m/it on input line 6.
LaTeX Font Info:    ... okay on input line 6.
LaTeX Font Info:    Checking defaults for T1/cmr/m/n on input line 6.
LaTeX Font Info:    ... okay on input line 6.
LaTeX Font Info:    Checking defaults for OT1/cmr/m/n on input line 6.
LaTeX Font Info:    ... okay on input line 6.
LaTeX Font Info:    Checking defaults for OMS/cmsy/m/n on input line 6.
LaTeX Font Info:    ... okay on input line 6.
LaTeX Font Info:    Checking defaults for OMX/cmex/m/n on input line 6.
LaTeX Font Info:    ... okay on input line 6.
LaTeX Font Info:    Checking defaults for U/cmr/m/n on input line 6.
LaTeX Font Info:    ... okay on input line 6.
LaTeX Font Info:    External font `cmex10' loaded for size
(Font)              <14.4> on input line 7.
LaTeX Font Info:    External font `cmex10' loaded for size
(Font)              <7> on input line 7.

Overfull \hbox (3.69987pt too wide) in paragraph at lines 24--24
 []\OT1/cmtt/m/n/12 public abstract class AbstractGLLookupableHelperServiceImpl
[] 
 []


Overfull \hbox (16.04988pt too wide) in paragraph at lines 24--24
 []                \OT1/cmtt/m/n/12 extends AbstractLookupableHelperServiceImpl
 {[] 
 []

LaTeX Font Info:    Try loading font information for OMS+cmr on input line 36.
(/usr/share/texmf-tetex/tex/latex/base/omscmr.fd
File: omscmr.fd 1999/05/25 v2.5h Standard LaTeX font definitions
)
LaTeX Font Info:    Font shape `OMS/cmr/m/n' in size <12> not available
(Font)              Font shape `OMS/cmsy/m/n' tried instead on input line 36.
 [1

] [2]
(./InheritenceVsEncapsulation.aux) ) 
Here is how much of TeX's memory you used:
 237 strings out of 94501
 2814 string characters out of 1175811
 50348 words of memory out of 1000000
 3484 multiletter control sequences out of 10000+50000
 6965 words of font info for 26 fonts, out of 500000 for 2000
 580 hyphenation exceptions out of 8191
 22i,6n,19p,185b,234s stack positions out of 1500i,500n,5000p,200000b,5000s

Output written on InheritenceVsEncapsulation.dvi (2 pages, 2620 bytes).
